[debug] [2024-01-08T07:03:40.893Z] ----------------------------------------------------------------------
[debug] [2024-01-08T07:03:40.894Z] Command:       /usr/local/bin/node /usr/local/bin/firebase emulators:start --only functions
[debug] [2024-01-08T07:03:40.894Z] CLI Version:   13.0.2
[debug] [2024-01-08T07:03:40.894Z] Platform:      darwin
[debug] [2024-01-08T07:03:40.894Z] Node Version:  v18.17.1
[debug] [2024-01-08T07:03:40.900Z] Time:          Mon Jan 08 2024 14:03:40 GMT+0700 (Indochina Time)
[debug] [2024-01-08T07:03:40.900Z] ----------------------------------------------------------------------
[debug] 
[debug] [2024-01-08T07:03:40.954Z] > command requires scopes: ["email","openid","https://www.googleapis.com/auth/cloudplatformprojects.readonly","https://www.googleapis.com/auth/firebase","https://www.googleapis.com/auth/cloud-platform"]
[debug] [2024-01-08T07:03:40.954Z] > authorizing via signed-in user (tannv@avadagroup.com)
[info] i  emulators: Starting emulators: functions {"metadata":{"emulator":{"name":"hub"},"message":"Starting emulators: functions"}}
[debug] [2024-01-08T07:03:41.200Z] [logging] Logging Emulator only supports listening on one address (127.0.0.1). Not listening on ::1
[debug] [2024-01-08T07:03:41.200Z] assigned listening specs for emulators {"user":{"hub":[{"address":"127.0.0.1","family":"IPv4","port":4400},{"address":"::1","family":"IPv6","port":4400}],"ui":[{"address":"127.0.0.1","family":"IPv4","port":4000},{"address":"::1","family":"IPv6","port":4000}],"logging":[{"address":"127.0.0.1","family":"IPv4","port":4500}]},"metadata":{"message":"assigned listening specs for emulators"}}
[debug] [2024-01-08T07:03:41.204Z] [hub] writing locator at /var/folders/85/xp3t3bn14k728pyvrhz3j8c40000gn/T/hub-koa-func.json
[debug] [2024-01-08T07:03:41.373Z] [functions] Functions Emulator only supports listening on one address (127.0.0.1). Not listening on ::1
[debug] [2024-01-08T07:03:41.373Z] [eventarc] Eventarc Emulator only supports listening on one address (127.0.0.1). Not listening on ::1
[debug] [2024-01-08T07:03:41.373Z] late-assigned ports for functions and eventarc emulators {"user":{"hub":[{"address":"127.0.0.1","family":"IPv4","port":4400},{"address":"::1","family":"IPv6","port":4400}],"ui":[{"address":"127.0.0.1","family":"IPv4","port":4000},{"address":"::1","family":"IPv6","port":4000}],"logging":[{"address":"127.0.0.1","family":"IPv4","port":4500}],"functions":[{"address":"127.0.0.1","family":"IPv4","port":5001}],"eventarc":[{"address":"127.0.0.1","family":"IPv4","port":9299}]},"metadata":{"message":"late-assigned ports for functions and eventarc emulators"}}
[warn] ⚠  functions: The following emulators are not running, calls to these services from the Functions emulator will affect production: auth, firestore, database, hosting, pubsub, storage {"metadata":{"emulator":{"name":"functions"},"message":"The following emulators are not running, calls to these services from the Functions emulator will affect production: \u001b[1mauth, firestore, database, hosting, pubsub, storage\u001b[22m"}}
[debug] [2024-01-08T07:03:41.375Z] defaultcredentials: writing to file /Users/vawntan/.config/firebase/tannv_avadagroup_com_application_default_credentials.json
[debug] [2024-01-08T07:03:41.379Z] Setting GAC to /Users/vawntan/.config/firebase/tannv_avadagroup_com_application_default_credentials.json {"metadata":{"emulator":{"name":"functions"},"message":"Setting GAC to /Users/vawntan/.config/firebase/tannv_avadagroup_com_application_default_credentials.json"}}
[debug] [2024-01-08T07:03:41.379Z] > refreshing access token with scopes: []
[debug] [2024-01-08T07:03:41.380Z] >>> [apiv2][query] POST https://www.googleapis.com/oauth2/v3/token [none]
[debug] [2024-01-08T07:03:41.380Z] >>> [apiv2][body] POST https://www.googleapis.com/oauth2/v3/token [omitted]
[debug] [2024-01-08T07:03:41.531Z] <<< [apiv2][status] POST https://www.googleapis.com/oauth2/v3/token 200
[debug] [2024-01-08T07:03:41.531Z] <<< [apiv2][body] POST https://www.googleapis.com/oauth2/v3/token [omitted]
[debug] [2024-01-08T07:03:41.547Z] >>> [apiv2][query] GET https://firebase.googleapis.com/v1beta1/projects/koa-func/adminSdkConfig [none]
[debug] [2024-01-08T07:03:41.988Z] <<< [apiv2][status] GET https://firebase.googleapis.com/v1beta1/projects/koa-func/adminSdkConfig 200
[debug] [2024-01-08T07:03:41.989Z] <<< [apiv2][body] GET https://firebase.googleapis.com/v1beta1/projects/koa-func/adminSdkConfig {"projectId":"koa-func","storageBucket":"koa-func.appspot.com"}
[debug] [2024-01-08T07:03:42.009Z] Ignoring unsupported arg: auto_download {"metadata":{"emulator":{"name":"ui"},"message":"Ignoring unsupported arg: auto_download"}}
[debug] [2024-01-08T07:03:42.009Z] Ignoring unsupported arg: port {"metadata":{"emulator":{"name":"ui"},"message":"Ignoring unsupported arg: port"}}
[debug] [2024-01-08T07:03:42.009Z] Starting Emulator UI with command {"binary":"node","args":["/Users/vawntan/.cache/firebase/emulators/ui-v1.11.7/server/server.js"],"optionalArgs":[],"joinArgs":false} {"metadata":{"emulator":{"name":"ui"},"message":"Starting Emulator UI with command {\"binary\":\"node\",\"args\":[\"/Users/vawntan/.cache/firebase/emulators/ui-v1.11.7/server/server.js\"],\"optionalArgs\":[],\"joinArgs\":false}"}}
[info] i  ui: Emulator UI logging to ui-debug.log {"metadata":{"emulator":{"name":"ui"},"message":"Emulator UI logging to \u001b[1mui-debug.log\u001b[22m"}}
[debug] [2024-01-08T07:03:42.082Z] Web / API server started at 127.0.0.1:4000
 {"metadata":{"emulator":{"name":"ui"},"message":"Web / API server started at 127.0.0.1:4000\n"}}
[debug] [2024-01-08T07:03:42.083Z] Web / API server started at ::1:4000
 {"metadata":{"emulator":{"name":"ui"},"message":"Web / API server started at ::1:4000\n"}}
[info] i  functions: Watching "/Volumes/workspace/avada-tannv/koa-func/functions" for Cloud Functions... {"metadata":{"emulator":{"name":"functions"},"message":"Watching \"/Volumes/workspace/avada-tannv/koa-func/functions\" for Cloud Functions..."}}
[debug] [2024-01-08T07:03:42.268Z] Validating nodejs source
[debug] [2024-01-08T07:03:42.686Z] > [functions] package.json contents: {
  "name": "functions",
  "description": "Cloud Functions for Firebase",
  "scripts": {
    "lint": "eslint .",
    "serve": "firebase emulators:start --only functions",
    "shell": "firebase functions:shell",
    "start": "npm run shell",
    "deploy": "firebase deploy --only functions",
    "logs": "firebase functions:log"
  },
  "engines": {
    "node": "20"
  },
  "main": "src/index.js",
  "dependencies": {
    "firebase-admin": "^11.8.0",
    "firebase-functions": "^4.3.1",
    "koa": "^2.15.0",
    "koa-body": "^6.0.1",
    "koa-bodyparser": "^4.4.1",
    "koa-router": "^12.0.1"
  },
  "devDependencies": {
    "eslint": "^8.15.0",
    "eslint-config-google": "^0.14.0",
    "firebase-functions-test": "^3.1.0",
    "nodemon": "^3.0.2"
  },
  "private": true
}
[debug] [2024-01-08T07:03:42.686Z] Building nodejs source
[debug] [2024-01-08T07:03:42.686Z] Failed to find version of module node: reached end of search path /Volumes/workspace/avada-tannv/koa-func/functions/node_modules
[warn] ⚠  functions: Your requested "node" version "20" doesn't match your global version "18". Using node@18 from host. 
[debug] [2024-01-08T07:03:42.687Z] Could not find functions.yaml. Must use http discovery
[debug] [2024-01-08T07:03:42.690Z] Found firebase-functions binary at '/Volumes/workspace/avada-tannv/koa-func/functions/node_modules/.bin/firebase-functions'
[info] Serving at port 8531

[debug] [2024-01-08T07:03:43.381Z] Got response from /__/functions.yaml {"endpoints":{"koaApp":{"platform":"gcfv1","availableMemoryMb":null,"timeoutSeconds":null,"minInstances":null,"maxInstances":null,"ingressSettings":null,"serviceAccountEmail":null,"vpc":null,"httpsTrigger":{},"entryPoint":"koaApp"}},"specVersion":"v1alpha1","requiredAPIs":[]}
[info] ✔  functions: Loaded functions definitions from source: koaApp. {"metadata":{"emulator":{"name":"functions"},"message":"Loaded functions definitions from source: koaApp."}}
[info] ✔  functions[us-central1-koaApp]: http function initialized (http://127.0.0.1:5001/koa-func/us-central1/koaApp). {"metadata":{"emulator":{"name":"functions"},"message":"\u001b[1mhttp\u001b[22m function initialized (http://127.0.0.1:5001/koa-func/us-central1/koaApp)."}}
[info] 
┌─────────────────────────────────────────────────────────────┐
│ ✔  All emulators ready! It is now safe to connect your app. │
│ i  View Emulator UI at http://127.0.0.1:4000/               │
└─────────────────────────────────────────────────────────────┘

┌───────────┬────────────────┬─────────────────────────────────┐
│ Emulator  │ Host:Port      │ View in Emulator UI             │
├───────────┼────────────────┼─────────────────────────────────┤
│ Functions │ 127.0.0.1:5001 │ http://127.0.0.1:4000/functions │
└───────────┴────────────────┴─────────────────────────────────┘
  Emulator Hub running at 127.0.0.1:4400
  Other reserved ports: 4500

Issues? Report them at https://github.com/firebase/firebase-tools/issues and attach the *-debug.log files.
 
[debug] [2024-01-08T07:04:03.479Z] [work-queue] {"queuedWork":["/koa-func/us-central1/koaApp-2024-01-08T07:04:03.479Z"],"queueLength":1,"runningWork":[],"workRunningCount":0}
[debug] [2024-01-08T07:04:03.479Z] [work-queue] {"queuedWork":[],"queueLength":0,"runningWork":["/koa-func/us-central1/koaApp-2024-01-08T07:04:03.479Z"],"workRunningCount":1}
[debug] [2024-01-08T07:04:03.479Z] Accepted request GET /koa-func/us-central1/koaApp --> us-central1-koaApp
[debug] [2024-01-08T07:04:03.482Z] [functions] Runtime ready! Sending request! {"metadata":{"emulator":{"name":"functions"},"message":"[functions] Runtime ready! Sending request!"}}
[debug] [2024-01-08T07:04:03.482Z] [functions] Got req.url=/koa-func/us-central1/koaApp, mapping to path=/ {"metadata":{"emulator":{"name":"functions"},"message":"[functions] Got req.url=/koa-func/us-central1/koaApp, mapping to path=/"}}
[debug] [2024-01-08T07:04:03.484Z] [worker-pool] addWorker(us-central1-koaApp) {"metadata":{"emulator":{"name":"functions"},"message":"[worker-pool] addWorker(us-central1-koaApp)"}}
[debug] [2024-01-08T07:04:03.485Z] [worker-pool] Adding worker with key us-central1-koaApp, total=1 {"metadata":{"emulator":{"name":"functions"},"message":"[worker-pool] Adding worker with key us-central1-koaApp, total=1"}}
[debug] [2024-01-08T07:04:04.006Z] [runtime-status] [3240] Resolved module firebase-admin {"declared":true,"installed":true,"version":"11.11.1","resolution":"/Volumes/workspace/avada-tannv/koa-func/functions/node_modules/firebase-admin/lib/index.js"} {"metadata":{"emulator":{"name":"functions"},"function":{"name":"us-central1-koaApp"},"extension":{},"message":"[runtime-status] [3240] Resolved module firebase-admin {\"declared\":true,\"installed\":true,\"version\":\"11.11.1\",\"resolution\":\"/Volumes/workspace/avada-tannv/koa-func/functions/node_modules/firebase-admin/lib/index.js\"}"}}
[debug] [2024-01-08T07:04:04.007Z] [runtime-status] [3240] Resolved module firebase-functions {"declared":true,"installed":true,"version":"4.6.0","resolution":"/Volumes/workspace/avada-tannv/koa-func/functions/node_modules/firebase-functions/lib/v1/index.js"} {"metadata":{"emulator":{"name":"functions"},"function":{"name":"us-central1-koaApp"},"extension":{},"message":"[runtime-status] [3240] Resolved module firebase-functions {\"declared\":true,\"installed\":true,\"version\":\"4.6.0\",\"resolution\":\"/Volumes/workspace/avada-tannv/koa-func/functions/node_modules/firebase-functions/lib/v1/index.js\"}"}}
[debug] [2024-01-08T07:04:04.007Z] [runtime-status] [3240] Outgoing network have been stubbed. [{"name":"http","status":"mocked"},{"name":"http","status":"mocked"},{"name":"https","status":"mocked"},{"name":"https","status":"mocked"},{"name":"net","status":"mocked"}] {"metadata":{"emulator":{"name":"functions"},"function":{"name":"us-central1-koaApp"},"extension":{},"message":"[runtime-status] [3240] Outgoing network have been stubbed. [{\"name\":\"http\",\"status\":\"mocked\"},{\"name\":\"http\",\"status\":\"mocked\"},{\"name\":\"https\",\"status\":\"mocked\"},{\"name\":\"https\",\"status\":\"mocked\"},{\"name\":\"net\",\"status\":\"mocked\"}]"}}
[debug] [2024-01-08T07:04:04.007Z] [runtime-status] [3240] Resolved module firebase-functions {"declared":true,"installed":true,"version":"4.6.0","resolution":"/Volumes/workspace/avada-tannv/koa-func/functions/node_modules/firebase-functions/lib/v1/index.js"} {"metadata":{"emulator":{"name":"functions"},"function":{"name":"us-central1-koaApp"},"extension":{},"message":"[runtime-status] [3240] Resolved module firebase-functions {\"declared\":true,\"installed\":true,\"version\":\"4.6.0\",\"resolution\":\"/Volumes/workspace/avada-tannv/koa-func/functions/node_modules/firebase-functions/lib/v1/index.js\"}"}}
[debug] [2024-01-08T07:04:04.115Z] [runtime-status] [3240] Checked functions.config() {"config":{}} {"metadata":{"emulator":{"name":"functions"},"function":{"name":"us-central1-koaApp"},"extension":{},"message":"[runtime-status] [3240] Checked functions.config() {\"config\":{}}"}}
[debug] [2024-01-08T07:04:04.116Z] [runtime-status] [3240] firebase-functions has been stubbed. {"functionsResolution":{"declared":true,"installed":true,"version":"4.6.0","resolution":"/Volumes/workspace/avada-tannv/koa-func/functions/node_modules/firebase-functions/lib/v1/index.js"}} {"metadata":{"emulator":{"name":"functions"},"function":{"name":"us-central1-koaApp"},"extension":{},"message":"[runtime-status] [3240] firebase-functions has been stubbed. {\"functionsResolution\":{\"declared\":true,\"installed\":true,\"version\":\"4.6.0\",\"resolution\":\"/Volumes/workspace/avada-tannv/koa-func/functions/node_modules/firebase-functions/lib/v1/index.js\"}}"}}
[debug] [2024-01-08T07:04:04.116Z] [runtime-status] [3240] Resolved module firebase-functions {"declared":true,"installed":true,"version":"4.6.0","resolution":"/Volumes/workspace/avada-tannv/koa-func/functions/node_modules/firebase-functions/lib/v1/index.js"} {"metadata":{"emulator":{"name":"functions"},"function":{"name":"us-central1-koaApp"},"extension":{},"message":"[runtime-status] [3240] Resolved module firebase-functions {\"declared\":true,\"installed\":true,\"version\":\"4.6.0\",\"resolution\":\"/Volumes/workspace/avada-tannv/koa-func/functions/node_modules/firebase-functions/lib/v1/index.js\"}"}}
[debug] [2024-01-08T07:04:04.116Z] [runtime-status] [3240] Resolved module firebase-admin {"declared":true,"installed":true,"version":"11.11.1","resolution":"/Volumes/workspace/avada-tannv/koa-func/functions/node_modules/firebase-admin/lib/index.js"} {"metadata":{"emulator":{"name":"functions"},"function":{"name":"us-central1-koaApp"},"extension":{},"message":"[runtime-status] [3240] Resolved module firebase-admin {\"declared\":true,\"installed\":true,\"version\":\"11.11.1\",\"resolution\":\"/Volumes/workspace/avada-tannv/koa-func/functions/node_modules/firebase-admin/lib/index.js\"}"}}
[debug] [2024-01-08T07:04:04.117Z] [runtime-status] [3240] Resolved module firebase-functions {"declared":true,"installed":true,"version":"4.6.0","resolution":"/Volumes/workspace/avada-tannv/koa-func/functions/node_modules/firebase-functions/lib/v1/index.js"} {"metadata":{"emulator":{"name":"functions"},"function":{"name":"us-central1-koaApp"},"extension":{},"message":"[runtime-status] [3240] Resolved module firebase-functions {\"declared\":true,\"installed\":true,\"version\":\"4.6.0\",\"resolution\":\"/Volumes/workspace/avada-tannv/koa-func/functions/node_modules/firebase-functions/lib/v1/index.js\"}"}}
[debug] [2024-01-08T07:04:04.117Z] [runtime-status] [3240] firebase-admin has been stubbed. {"adminResolution":{"declared":true,"installed":true,"version":"11.11.1","resolution":"/Volumes/workspace/avada-tannv/koa-func/functions/node_modules/firebase-admin/lib/index.js"}} {"metadata":{"emulator":{"name":"functions"},"function":{"name":"us-central1-koaApp"},"extension":{},"message":"[runtime-status] [3240] firebase-admin has been stubbed. {\"adminResolution\":{\"declared\":true,\"installed\":true,\"version\":\"11.11.1\",\"resolution\":\"/Volumes/workspace/avada-tannv/koa-func/functions/node_modules/firebase-admin/lib/index.js\"}}"}}
[debug] [2024-01-08T07:04:04.136Z] [runtime-status] [3240] initializeApp(DEFAULT) {"credential":{"implicit":false,"projectId":"koa-func","privateKey":"-----BEGIN PRIVATE KEY-----\nMIIEvQIBADANBgkqhkiG9w0BAQEFAASCBKcwggSjAgEAAoIBAQCsweIcjqGO3si/\n4AC585Ep6jsK59iXgoOpCRD523A/PYt1Yd3NHKZt2iXgitYwPDfEnenfv6h3kJ4k\nYXLRvEWbpNNOpE8VVFX8l0E23nKK+cZw6z99+pJBqbAfA2uMn8fIYjAToItiblco\n8ckAfiFzH60CHn/J42CR7qU/SPECEiVrmN6k0ZfFi+DoxQ8yuIwEQ0F52S7lbHP1\nDwSXeBV7c1xCHWUEsYX05n6CifhyaP6aq2TKeKVJ78J9YvizxXEPnRA3gDY0sCy8\nkLiJcVzyKhFLx116cMZ32wgESs1ESTP+8PiiSZMJzi/It844fNlsPtv91B4bjypO\nZNvHlFD3AgMBAAECggEADoE22Vv2X5b/9vA5T2OOYB0M+QTvUAVCxan/tWLBwWWK\n9H+Tjlml9Zo3zOsLQcCElCsIDGO8otFPHdHawJZUp9VGcpdkFm/eylbuwEscBeQj\nz65IxeyIZB/5rBju6j8uGHp5++PiYBDQm5z1Wee9KjvSHFfwNcS0AnytfitDJP+6\nuAuuh1AH0kYf/X6prHFB/KgjyHd8Wbxn6KeLGm5nKGz7F7l/irD3JnQV40YNuEhM\nIy08vzo6CKM0v6s2cvU5F9NdFM4qunkH9P+ngnfmo6wYO7aD/LH5nyMD2ZDkcDBi\nad6ITWbXki6dgfO72y529rUAeogATCLKADBw6aD3pQKBgQDVpc0uJDjXyFKX/Hes\nxUoAK61O+XpbwJ5ATLFDg5oaiMHqcID7L5n69Mlgywo2A8B9FHbURg/eM7sM1oYA\nU4QJHnT0zcRYiZwwoRz0HSWeta2a9nCYv2yjDAbHyXJP50nE/OAPqzj4qRwg3ToG\noF1sLRwMMhY3+E9/TU4mFvsNJQKBgQDPAPqs8YgcfRM3NwlVuLAmGfJNAnCbBm+6\nOfddkDP57rV31Ym+qSBMAqNqdxbBIyANy9W0e25rEWcZxycf3gCwNxuklQNfR0tr\n+Tp44paMl2g0jpNVdTVMwLrHisNeEmeA9GPyqyFmSuna+Oz1WtXXgAn7ewvbwaL9\ns8Sc455A6wKBgQDNjMh8RTM/QCdevPMzEVliEqOaYOI9FnPq7x55E0uXjc3rzbP6\nd1DRJuP8sTwwvalbbe3py0KHCQRElLy14aQd1eS2hqYKfNL94nRl1QkVyjut5L5t\n53YQ5Ig9fW3yvFa4JIc57AVTD/jVEaM7LtzTMA9VGHdSACAUHX87nE6L1QKBgFjM\n4Lxj+LHP7fhXwcdmLRqLMuhaTZgTUMagqz8V51YmUu6PSkHiJ5qz3wqC/93mhY+l\ni42bDakclA/44Q3InJ77ZP5bdlDfMrmk9rJ48YBqSyeQqh+U4kKEwxtqqZinaINn\nU6D8TJ2nMV7gPjaauvVxVdbt2A5zqMoQ3h03f+H1AoGAYdT1hXXiusCDZYFfjkP6\nKdO6imQjFO44TOqW2iXQsAC4PE95rZPk8J+lGsEtzKaeZuCQ9xNwMj01L0rKRzm5\n+7LnEdWiAIFCo5EoBcQv5DRa7q+yjUjTjwmjbcIg77+WGNNb3XTy1L7jqogHGQ3v\nqgyfWLvjRvBP1cR2ILYidKU=\n-----END PRIVATE KEY-----\n","clientEmail":"firebase-adminsdk-g3cwl@koa-func.iam.gserviceaccount.com","httpClient":{"retry":{"maxRetries":4,"statusCodes":[503],"ioErrorCodes":["ECONNRESET","ETIMEDOUT"],"backOffFactor":0.5,"maxDelayInMillis":60000}}}} {"metadata":{"emulator":{"name":"functions"},"function":{"name":"us-central1-koaApp"},"extension":{},"message":"[runtime-status] [3240] initializeApp(DEFAULT) {\"credential\":{\"implicit\":false,\"projectId\":\"koa-func\",\"privateKey\":\"-----BEGIN PRIVATE KEY-----\\nMIIEvQIBADANBgkqhkiG9w0BAQEFAASCBKcwggSjAgEAAoIBAQCsweIcjqGO3si/\\n4AC585Ep6jsK59iXgoOpCRD523A/PYt1Yd3NHKZt2iXgitYwPDfEnenfv6h3kJ4k\\nYXLRvEWbpNNOpE8VVFX8l0E23nKK+cZw6z99+pJBqbAfA2uMn8fIYjAToItiblco\\n8ckAfiFzH60CHn/J42CR7qU/SPECEiVrmN6k0ZfFi+DoxQ8yuIwEQ0F52S7lbHP1\\nDwSXeBV7c1xCHWUEsYX05n6CifhyaP6aq2TKeKVJ78J9YvizxXEPnRA3gDY0sCy8\\nkLiJcVzyKhFLx116cMZ32wgESs1ESTP+8PiiSZMJzi/It844fNlsPtv91B4bjypO\\nZNvHlFD3AgMBAAECggEADoE22Vv2X5b/9vA5T2OOYB0M+QTvUAVCxan/tWLBwWWK\\n9H+Tjlml9Zo3zOsLQcCElCsIDGO8otFPHdHawJZUp9VGcpdkFm/eylbuwEscBeQj\\nz65IxeyIZB/5rBju6j8uGHp5++PiYBDQm5z1Wee9KjvSHFfwNcS0AnytfitDJP+6\\nuAuuh1AH0kYf/X6prHFB/KgjyHd8Wbxn6KeLGm5nKGz7F7l/irD3JnQV40YNuEhM\\nIy08vzo6CKM0v6s2cvU5F9NdFM4qunkH9P+ngnfmo6wYO7aD/LH5nyMD2ZDkcDBi\\nad6ITWbXki6dgfO72y529rUAeogATCLKADBw6aD3pQKBgQDVpc0uJDjXyFKX/Hes\\nxUoAK61O+XpbwJ5ATLFDg5oaiMHqcID7L5n69Mlgywo2A8B9FHbURg/eM7sM1oYA\\nU4QJHnT0zcRYiZwwoRz0HSWeta2a9nCYv2yjDAbHyXJP50nE/OAPqzj4qRwg3ToG\\noF1sLRwMMhY3+E9/TU4mFvsNJQKBgQDPAPqs8YgcfRM3NwlVuLAmGfJNAnCbBm+6\\nOfddkDP57rV31Ym+qSBMAqNqdxbBIyANy9W0e25rEWcZxycf3gCwNxuklQNfR0tr\\n+Tp44paMl2g0jpNVdTVMwLrHisNeEmeA9GPyqyFmSuna+Oz1WtXXgAn7ewvbwaL9\\ns8Sc455A6wKBgQDNjMh8RTM/QCdevPMzEVliEqOaYOI9FnPq7x55E0uXjc3rzbP6\\nd1DRJuP8sTwwvalbbe3py0KHCQRElLy14aQd1eS2hqYKfNL94nRl1QkVyjut5L5t\\n53YQ5Ig9fW3yvFa4JIc57AVTD/jVEaM7LtzTMA9VGHdSACAUHX87nE6L1QKBgFjM\\n4Lxj+LHP7fhXwcdmLRqLMuhaTZgTUMagqz8V51YmUu6PSkHiJ5qz3wqC/93mhY+l\\ni42bDakclA/44Q3InJ77ZP5bdlDfMrmk9rJ48YBqSyeQqh+U4kKEwxtqqZinaINn\\nU6D8TJ2nMV7gPjaauvVxVdbt2A5zqMoQ3h03f+H1AoGAYdT1hXXiusCDZYFfjkP6\\nKdO6imQjFO44TOqW2iXQsAC4PE95rZPk8J+lGsEtzKaeZuCQ9xNwMj01L0rKRzm5\\n+7LnEdWiAIFCo5EoBcQv5DRa7q+yjUjTjwmjbcIg77+WGNNb3XTy1L7jqogHGQ3v\\nqgyfWLvjRvBP1cR2ILYidKU=\\n-----END PRIVATE KEY-----\\n\",\"clientEmail\":\"firebase-adminsdk-g3cwl@koa-func.iam.gserviceaccount.com\",\"httpClient\":{\"retry\":{\"maxRetries\":4,\"statusCodes\":[503],\"ioErrorCodes\":[\"ECONNRESET\",\"ETIMEDOUT\"],\"backOffFactor\":0.5,\"maxDelayInMillis\":60000}}}}"}}
[debug] [2024-01-08T07:04:04.171Z] [runtime-status] [3240] Functions runtime initialized. {"cwd":"/Volumes/workspace/avada-tannv/koa-func/functions","node_version":"18.17.1"} {"metadata":{"emulator":{"name":"functions"},"function":{"name":"us-central1-koaApp"},"extension":{},"message":"[runtime-status] [3240] Functions runtime initialized. {\"cwd\":\"/Volumes/workspace/avada-tannv/koa-func/functions\",\"node_version\":\"18.17.1\"}"}}
[debug] [2024-01-08T07:04:04.171Z] [runtime-status] [3240] Listening to port: /var/folders/85/xp3t3bn14k728pyvrhz3j8c40000gn/T/fire_emu_c494baa6f798d85e.sock {"metadata":{"emulator":{"name":"functions"},"function":{"name":"us-central1-koaApp"},"extension":{},"message":"[runtime-status] [3240] Listening to port: /var/folders/85/xp3t3bn14k728pyvrhz3j8c40000gn/T/fire_emu_c494baa6f798d85e.sock"}}
[debug] [2024-01-08T07:04:04.197Z] [worker-us-central1-koaApp-eed66636-e4b9-4898-ba74-61051cf00e4c]: IDLE {"metadata":{"emulator":{"name":"functions"},"function":{"name":"us-central1-koaApp"},"extension":{},"message":"[worker-us-central1-koaApp-eed66636-e4b9-4898-ba74-61051cf00e4c]: IDLE"}}
[debug] [2024-01-08T07:04:04.198Z] [worker-pool] submitRequest(triggerId=us-central1-koaApp) {"metadata":{"emulator":{"name":"functions"},"message":"[worker-pool] submitRequest(triggerId=us-central1-koaApp)"}}
[info] i  functions: Beginning execution of "us-central1-koaApp" {"metadata":{"emulator":{"name":"functions"},"function":{"name":"us-central1-koaApp"},"extension":{},"message":"Beginning execution of \"us-central1-koaApp\""}}
[debug] [2024-01-08T07:04:04.198Z] [worker-us-central1-koaApp-eed66636-e4b9-4898-ba74-61051cf00e4c]: BUSY {"metadata":{"emulator":{"name":"functions"},"function":{"name":"us-central1-koaApp"},"extension":{},"message":"[worker-us-central1-koaApp-eed66636-e4b9-4898-ba74-61051cf00e4c]: BUSY"}}
[debug] [2024-01-08T07:04:04.200Z] Finishing up request with event=pause {"metadata":{"emulator":{"name":"functions"},"function":{"name":"us-central1-koaApp"},"extension":{},"message":"Finishing up request with event=pause"}}
[info] i  functions: Finished "us-central1-koaApp" in 2.704416ms {"metadata":{"emulator":{"name":"functions"},"function":{"name":"us-central1-koaApp"},"extension":{},"message":"Finished \"us-central1-koaApp\" in 2.704416ms"}}
[debug] [2024-01-08T07:04:04.201Z] [worker-us-central1-koaApp-eed66636-e4b9-4898-ba74-61051cf00e4c]: IDLE {"metadata":{"emulator":{"name":"functions"},"function":{"name":"us-central1-koaApp"},"extension":{},"message":"[worker-us-central1-koaApp-eed66636-e4b9-4898-ba74-61051cf00e4c]: IDLE"}}
[debug] [2024-01-08T07:04:04.201Z] Finishing up request with event=finish {"metadata":{"emulator":{"name":"functions"},"function":{"name":"us-central1-koaApp"},"extension":{},"message":"Finishing up request with event=finish"}}
[debug] [2024-01-08T07:04:04.201Z] Finishing up request with event=close {"metadata":{"emulator":{"name":"functions"},"function":{"name":"us-central1-koaApp"},"extension":{},"message":"Finishing up request with event=close"}}
[debug] [2024-01-08T07:04:04.201Z] [work-queue] {"queuedWork":[],"queueLength":0,"runningWork":[],"workRunningCount":0}
[debug] [2024-01-08T07:04:04.220Z] Functions emulator received unknown request at path /favicon.ico
[debug] [2024-01-08T07:04:08.351Z] [work-queue] {"queuedWork":["/koa-func/us-central1/koaApp/get-2024-01-08T07:04:08.351Z"],"queueLength":1,"runningWork":[],"workRunningCount":0}
[debug] [2024-01-08T07:04:08.352Z] [work-queue] {"queuedWork":[],"queueLength":0,"runningWork":["/koa-func/us-central1/koaApp/get-2024-01-08T07:04:08.351Z"],"workRunningCount":1}
[debug] [2024-01-08T07:04:08.352Z] Accepted request GET /koa-func/us-central1/koaApp/get --> us-central1-koaApp
[debug] [2024-01-08T07:04:08.356Z] [functions] Runtime ready! Sending request! {"metadata":{"emulator":{"name":"functions"},"message":"[functions] Runtime ready! Sending request!"}}
[debug] [2024-01-08T07:04:08.356Z] [functions] Got req.url=/koa-func/us-central1/koaApp/get, mapping to path=/get {"metadata":{"emulator":{"name":"functions"},"message":"[functions] Got req.url=/koa-func/us-central1/koaApp/get, mapping to path=/get"}}
[debug] [2024-01-08T07:04:08.356Z] [worker-pool] submitRequest(triggerId=us-central1-koaApp) {"metadata":{"emulator":{"name":"functions"},"message":"[worker-pool] submitRequest(triggerId=us-central1-koaApp)"}}
[info] i  functions: Beginning execution of "us-central1-koaApp" {"metadata":{"emulator":{"name":"functions"},"function":{"name":"us-central1-koaApp"},"extension":{},"message":"Beginning execution of \"us-central1-koaApp\""}}
[debug] [2024-01-08T07:04:08.357Z] [worker-us-central1-koaApp-eed66636-e4b9-4898-ba74-61051cf00e4c]: BUSY {"metadata":{"emulator":{"name":"functions"},"function":{"name":"us-central1-koaApp"},"extension":{},"message":"[worker-us-central1-koaApp-eed66636-e4b9-4898-ba74-61051cf00e4c]: BUSY"}}
[debug] [2024-01-08T07:04:08.387Z] Finishing up request with event=pause {"metadata":{"emulator":{"name":"functions"},"function":{"name":"us-central1-koaApp"},"extension":{},"message":"Finishing up request with event=pause"}}
[info] i  functions: Finished "us-central1-koaApp" in 30.053167ms {"metadata":{"emulator":{"name":"functions"},"function":{"name":"us-central1-koaApp"},"extension":{},"message":"Finished \"us-central1-koaApp\" in 30.053167ms"}}
[debug] [2024-01-08T07:04:08.387Z] [worker-us-central1-koaApp-eed66636-e4b9-4898-ba74-61051cf00e4c]: IDLE {"metadata":{"emulator":{"name":"functions"},"function":{"name":"us-central1-koaApp"},"extension":{},"message":"[worker-us-central1-koaApp-eed66636-e4b9-4898-ba74-61051cf00e4c]: IDLE"}}
[debug] [2024-01-08T07:04:08.387Z] Finishing up request with event=finish {"metadata":{"emulator":{"name":"functions"},"function":{"name":"us-central1-koaApp"},"extension":{},"message":"Finishing up request with event=finish"}}
[debug] [2024-01-08T07:04:08.387Z] Finishing up request with event=close {"metadata":{"emulator":{"name":"functions"},"function":{"name":"us-central1-koaApp"},"extension":{},"message":"Finishing up request with event=close"}}
[debug] [2024-01-08T07:04:08.387Z] [work-queue] {"queuedWork":[],"queueLength":0,"runningWork":[],"workRunningCount":0}
